-------------------------------------------------------------------------------
Test set: CustomYamlTest
-------------------------------------------------------------------------------
Tests run: 1, Failures: 0, Errors: 1, Skipped: 0, Time elapsed: 2.097 s <<< FAILURE! - in CustomYamlTest
hello(CustomYamlTest)  Time elapsed: 0.009 s  <<< ERROR!
java.lang.IllegalStateException: Failed to load ApplicationContext
Caused by: org.springframework.beans.factory.BeanDefinitionStoreException: Failed to parse configuration class [org.springframework.boot.autoconfigure.SpringBootApplication]; nested exception is java.io.FileNotFoundException: class path resource [org/springframework/web/reactive/config/DelegatingWebFluxConfiguration.class] cannot be opened because it does not exist
Caused by: java.io.FileNotFoundException: class path resource [org/springframework/web/reactive/config/DelegatingWebFluxConfiguration.class] cannot be opened because it does not exist

